{"level":"info","message":"db connenct","service":"user-service"}
{"level":"info","message":"Example app listening on port 5000","service":"user-service"}
{"level":"info","message":"db connenct","service":"user-service"}
{"level":"info","message":"Example app listening on port 5000","service":"user-service"}
{"level":"info","message":"db connenct","service":"user-service"}
{"level":"info","message":"Example app listening on port 5000","service":"user-service"}
{"level":"info","message":"db connenct","service":"user-service"}
{"level":"info","message":"Example app listening on port 5000","service":"user-service"}
2023-06-07T19:24:28.080Z [right meow!] info: db connenct
2023-06-07T19:24:28.093Z [right meow!] info: Example app listening on port 5000
2023-06-07T19:24:35.450Z [right meow!] info: db connenct
2023-06-07T19:24:35.463Z [right meow!] info: Example app listening on port 5000
2023-06-07T19:24:50.822Z [Mewww!] info: db connenct
2023-06-07T19:24:50.832Z [Mewww!] info: Example app listening on port 5000
2023-06-07T19:25:05.231Z [Mewww!] info: db connenct
2023-06-07T19:25:05.246Z [Mewww!] info: Example app listening on port 5000
2023-06-07T19:25:17.401Z [Mewww!] info: db connenct
2023-06-07T19:25:17.416Z [Mewww!] info: Example app listening on port 5000
2023-06-07T19:25:46.798Z [Mewww!] info: db connenct
2023-06-07T19:25:46.813Z [Mewww!] info: Example app listening on port 5000
2023-06-07T19:25:54.855Z [Mewww!] info: db connenct
2023-06-07T19:25:54.876Z [Mewww!] info: Example app listening on port 5000
Thu Jun 08 2023 01:26:50 GMT+0600 (Bangladesh Standard Time)-1-26 [Mewww!] info: db connenct
Thu Jun 08 2023 01:26:50 GMT+0600 (Bangladesh Standard Time)-1-26 [Mewww!] info: Example app listening on port 5000
Thu Jun 08 2023-1-27 [Mewww!] info: db connenct
Thu Jun 08 2023-1-27 [Mewww!] info: Example app listening on port 5000
Thu Jun 08 2023-1-27 [Mewww!] info: db connenct
Thu Jun 08 2023-1-27 [Mewww!] info: Example app listening on port 5000
